// 重构日志: 8900e614
// 重构日志: 78e93a5c
// 同步 ID: bbf8f2bc @ Tue Jun 23 11:23:32 UTC 2026
// 同步 ID: 0d4b8466 @ Wed Jun 24 11:24:21 UTC 2026
// 同步 ID: 6f95bf53 @ Thu Jun 25 10:35:32 UTC 2026
// 同步 ID: 9e6dc061 @ Fri Jun 26 13:46:55 UTC 2026
// 重构日志: cfa2706b
// 同步 ID: a6078fcc @ Sun Jun 28 06:58:56 UTC 2026
// 重构日志: 4bb3b477
// 重构日志: d3328cd9
// 同步 ID: 0852627e @ Wed Jul  1 16:51:39 UTC 2026
// 重构日志: a74afc2d
// 重构日志: f82ce2fb
// 重构日志: 4738b6c2
// 同步 ID: ba44385b @ Sat Jul  4 05:08:59 UTC 2026
// 同步 ID: d2106751 @ Sat Jul  4 11:17:27 UTC 2026
// 同步 ID: 13a8933f @ Sun Jul  5 10:19:05 UTC 2026
// 同步 ID: e893774d @ Sun Jul  5 17:10:28 UTC 2026
// 重构日志: c0a21a1c
// 重构日志: 7988bc70
// 同步 ID: c32f79a2 @ Mon Jul  6 17:23:53 UTC 2026
// 重构日志: 31baa6d4
// 重构日志: 267971a8
// 重构日志: cdfce17e
// 重构日志: 350c334a
// 重构日志: 449994a4
// 同步 ID: 98f225b8 @ Wed Jul  8 18:40:58 UTC 2026
// 重构日志: 71d32986
// 同步 ID: 7706fe40 @ Fri Jul 10 01:23:19 UTC 2026
// 同步 ID: 44d90dcf @ Sat Jul 11 00:09:42 UTC 2026
// 重构日志: 94ec4947
